<?xml version="1.0" encoding="UTF-8"?>
<testsuite name="com.sicredi.voting.VotingApplicationTests" tests="1" skipped="0" failures="0" errors="0" timestamp="2021-12-21T20:36:45" hostname="MOURA" time="0.932">
  <properties/>
  <testcase name="contextLoads()" classname="com.sicredi.voting.VotingApplicationTests" time="0.932"/>
  <system-out><![CDATA[17:36:38.959 [Test worker] DEBUG org.springframework.test.context.BootstrapUtils - Instantiating CacheAwareContextLoaderDelegate from class [org.springframework.test.context.cache.DefaultCacheAwareContextLoaderDelegate]
17:36:38.983 [Test worker] DEBUG org.springframework.test.context.BootstrapUtils - Instantiating BootstrapContext using constructor [public org.springframework.test.context.support.DefaultBootstrapContext(java.lang.Class,org.springframework.test.context.CacheAwareContextLoaderDelegate)]
17:36:39.057 [Test worker] DEBUG org.springframework.test.context.BootstrapUtils - Instantiating TestContextBootstrapper for test class [com.sicredi.voting.VotingApplicationTests] from class [org.springframework.boot.test.context.SpringBootTestContextBootstrapper]
17:36:39.078 [Test worker] INFO org.springframework.boot.test.context.SpringBootTestContextBootstrapper - Neither @ContextConfiguration nor @ContextHierarchy found for test class [com.sicredi.voting.VotingApplicationTests], using SpringBootContextLoader
17:36:39.088 [Test worker] DEBUG org.springframework.test.context.support.AbstractContextLoader - Did not detect default resource location for test class [com.sicredi.voting.VotingApplicationTests]: class path resource [com/sicredi/voting/VotingApplicationTests-context.xml] does not exist
17:36:39.089 [Test worker] DEBUG org.springframework.test.context.support.AbstractContextLoader - Did not detect default resource location for test class [com.sicredi.voting.VotingApplicationTests]: class path resource [com/sicredi/voting/VotingApplicationTestsContext.groovy] does not exist
17:36:39.089 [Test worker] INFO org.springframework.test.context.support.AbstractContextLoader - Could not detect default resource locations for test class [com.sicredi.voting.VotingApplicationTests]: no resource found for suffixes {-context.xml, Context.groovy}.
17:36:39.091 [Test worker] INFO org.springframework.test.context.support.AnnotationConfigContextLoaderUtils - Could not detect default configuration classes for test class [com.sicredi.voting.VotingApplicationTests]: VotingApplicationTests does not declare any static, non-private, non-final, nested classes annotated with @Configuration.
17:36:39.241 [Test worker] DEBUG org.springframework.test.context.support.ActiveProfilesUtils - Could not find an 'annotation declaring class' for annotation type [org.springframework.test.context.ActiveProfiles] and class [com.sicredi.voting.VotingApplicationTests]
17:36:39.354 [Test worker] DEBUG org.springframework.context.annotation.ClassPathScanningCandidateComponentProvider - Identified candidate component class: file [C:\Desenvolvimento\sicredi\voting\build\classes\java\main\com\sicredi\voting\VotingApplication.class]
17:36:39.360 [Test worker] INFO org.springframework.boot.test.context.SpringBootTestContextBootstrapper - Found @SpringBootConfiguration com.sicredi.voting.VotingApplication for test class com.sicredi.voting.VotingApplicationTests
17:36:39.587 [Test worker] DEBUG org.springframework.boot.test.context.SpringBootTestContextBootstrapper - @TestExecutionListeners is not present for class [com.sicredi.voting.VotingApplicationTests]: using defaults.
17:36:39.588 [Test worker] INFO org.springframework.boot.test.context.SpringBootTestContextBootstrapper - Loaded default TestExecutionListener class names from location [META-INF/spring.factories]: [org.springframework.boot.test.autoconfigure.restdocs.RestDocsTestExecutionListener, org.springframework.boot.test.autoconfigure.web.client.MockRestServiceServerResetTestExecutionListener, org.springframework.boot.test.autoconfigure.web.servlet.MockMvcPrintOnlyOnFailureTestExecutionListener, org.springframework.boot.test.autoconfigure.web.servlet.WebDriverTestExecutionListener, org.springframework.boot.test.autoconfigure.webservices.client.MockWebServiceServerTestExecutionListener, org.springframework.boot.test.mock.mockito.MockitoTestExecutionListener, org.springframework.boot.test.mock.mockito.ResetMocksTestExecutionListener, org.springframework.test.context.web.ServletTestExecutionListener, org.springframework.test.context.support.DirtiesContextBeforeModesTestExecutionListener, org.springframework.test.context.event.ApplicationEventsTestExecutionListener, org.springframework.test.context.support.DependencyInjectionTestExecutionListener, org.springframework.test.context.support.DirtiesContextTestExecutionListener, org.springframework.test.context.transaction.TransactionalTestExecutionListener, org.springframework.test.context.jdbc.SqlScriptsTestExecutionListener, org.springframework.test.context.event.EventPublishingTestExecutionListener]
17:36:39.614 [Test worker] DEBUG org.springframework.boot.test.context.SpringBootTestContextBootstrapper - Skipping candidate TestExecutionListener [org.springframework.test.context.web.ServletTestExecutionListener] due to a missing dependency. Specify custom listener classes or make the default listener classes and their required dependencies available. Offending class: [javax/servlet/ServletContext]
17:36:39.636 [Test worker] INFO org.springframework.boot.test.context.SpringBootTestContextBootstrapper - Using TestExecutionListeners: [org.springframework.test.context.support.DirtiesContextBeforeModesTestExecutionListener@328ae0e0, org.springframework.test.context.event.ApplicationEventsTestExecutionListener@4ee624c1, org.springframework.boot.test.mock.mockito.MockitoTestExecutionListener@367a8ac7, org.springframework.boot.test.autoconfigure.SpringBootDependencyInjectionTestExecutionListener@17610956, org.springframework.test.context.support.DirtiesContextTestExecutionListener@728966ba, org.springframework.test.context.transaction.TransactionalTestExecutionListener@db68406, org.springframework.test.context.jdbc.SqlScriptsTestExecutionListener@6ff80bc5, org.springframework.test.context.event.EventPublishingTestExecutionListener@70cc84d5, org.springframework.boot.test.autoconfigure.restdocs.RestDocsTestExecutionListener@494990c0, org.springframework.boot.test.autoconfigure.web.client.MockRestServiceServerResetTestExecutionListener@70e6ab5b, org.springframework.boot.test.autoconfigure.web.servlet.MockMvcPrintOnlyOnFailureTestExecutionListener@5f6f30a1, org.springframework.boot.test.autoconfigure.web.servlet.WebDriverTestExecutionListener@4b11edb5, org.springframework.boot.test.autoconfigure.webservices.client.MockWebServiceServerTestExecutionListener@4e5bbb87, org.springframework.boot.test.mock.mockito.ResetMocksTestExecutionListener@b226d64]
17:36:39.655 [Test worker] DEBUG org.springframework.test.context.support.AbstractDirtiesContextTestExecutionListener - Before test class: context [DefaultTestContext@16f8ee8 testClass = VotingApplicationTests, testInstance = [null], testMethod = [null], testException = [null], mergedContextConfiguration = [ReactiveWebMergedContextConfiguration@616774d3 testClass = VotingApplicationTests, locations = '{}', classes = '{class com.sicredi.voting.VotingApplication}', contextInitializerClasses = '[]', activeProfiles = '{}', propertySourceLocations = '{}', propertySourceProperties = '{org.springframework.boot.test.context.SpringBootTestContextBootstrapper=true}', contextCustomizers = set[org.springframework.boot.test.autoconfigure.actuate.metrics.MetricsExportContextCustomizerFactory$DisableMetricExportContextCustomizer@2f5a2d92, org.springframework.boot.test.autoconfigure.properties.PropertyMappingContextCustomizer@0, org.springframework.boot.test.autoconfigure.web.servlet.WebDriverContextCustomizerFactory$Customizer@700b51dd, org.springframework.boot.test.context.filter.ExcludeFilterContextCustomizer@cb0223b, org.springframework.boot.test.json.DuplicateJsonObjectContextCustomizerFactory$DuplicateJsonObjectContextCustomizer@7c29d132, org.springframework.boot.test.mock.mockito.MockitoContextCustomizer@0, org.springframework.boot.test.web.client.TestRestTemplateContextCustomizer@b2431a7, org.springframework.boot.test.web.reactive.server.WebTestClientContextCustomizer@6f810afc, org.springframework.boot.test.context.SpringBootTestArgs@1, org.springframework.boot.test.context.SpringBootTestWebEnvironment@499ac31f], contextLoader = 'org.springframework.boot.test.context.SpringBootContextLoader', parent = [null]], attributes = map[[empty]]], class annotated with @DirtiesContext [false] with mode [null].
17:36:39.753 [Test worker] DEBUG org.springframework.test.context.support.DependencyInjectionTestExecutionListener - Performing dependency injection for test context [[DefaultTestContext@16f8ee8 testClass = VotingApplicationTests, testInstance = com.sicredi.voting.VotingApplicationTests@1f9e3f58, testMethod = [null], testException = [null], mergedContextConfiguration = [ReactiveWebMergedContextConfiguration@616774d3 testClass = VotingApplicationTests, locations = '{}', classes = '{class com.sicredi.voting.VotingApplication}', contextInitializerClasses = '[]', activeProfiles = '{}', propertySourceLocations = '{}', propertySourceProperties = '{org.springframework.boot.test.context.SpringBootTestContextBootstrapper=true}', contextCustomizers = set[org.springframework.boot.test.autoconfigure.actuate.metrics.MetricsExportContextCustomizerFactory$DisableMetricExportContextCustomizer@2f5a2d92, org.springframework.boot.test.autoconfigure.properties.PropertyMappingContextCustomizer@0, org.springframework.boot.test.autoconfigure.web.servlet.WebDriverContextCustomizerFactory$Customizer@700b51dd, org.springframework.boot.test.context.filter.ExcludeFilterContextCustomizer@cb0223b, org.springframework.boot.test.json.DuplicateJsonObjectContextCustomizerFactory$DuplicateJsonObjectContextCustomizer@7c29d132, org.springframework.boot.test.mock.mockito.MockitoContextCustomizer@0, org.springframework.boot.test.web.client.TestRestTemplateContextCustomizer@b2431a7, org.springframework.boot.test.web.reactive.server.WebTestClientContextCustomizer@6f810afc, org.springframework.boot.test.context.SpringBootTestArgs@1, org.springframework.boot.test.context.SpringBootTestWebEnvironment@499ac31f], contextLoader = 'org.springframework.boot.test.context.SpringBootContextLoader', parent = [null]], attributes = map['org.springframework.test.context.event.ApplicationEventsTestExecutionListener.recordApplicationEvents' -> false]]].
17:36:39.838 [Test worker] DEBUG org.springframework.boot.ApplicationReactiveWebEnvironment - Activating profiles []
17:36:39.841 [Test worker] DEBUG org.springframework.test.context.support.TestPropertySourceUtils - Adding inlined properties to environment: {spring.jmx.enabled=false, org.springframework.boot.test.context.SpringBootTestContextBootstrapper=true}

  .   ____          _            __ _ _
 /\\ / ___'_ __ _ _(_)_ __  __ _ \ \ \ \
( ( )\___ | '_ | '_| | '_ \/ _` | \ \ \ \
 \\/  ___)| |_)| | | | | || (_| |  ) ) ) )
  '  |____| .__|_| |_|_| |_\__, | / / / /
 =========|_|==============|___/=/_/_/_/
 :: Spring Boot ::                (v2.5.8)

2021-12-21 17:36:40.446  INFO 4520 --- [    Test worker] c.sicredi.voting.VotingApplicationTests  : Starting VotingApplicationTests using Java 11.0.8 on MOURA with PID 4520 (started by MOURA in C:\Desenvolvimento\sicredi\voting)
2021-12-21 17:36:40.449  INFO 4520 --- [    Test worker] c.sicredi.voting.VotingApplicationTests  : No active profile set, falling back to default profiles: default
2021-12-21 17:36:41.729  INFO 4520 --- [    Test worker] .s.d.r.c.RepositoryConfigurationDelegate : Bootstrapping Spring Data Reactive MongoDB repositories in DEFAULT mode.
2021-12-21 17:36:41.748  INFO 4520 --- [    Test worker] .s.d.r.c.RepositoryConfigurationDelegate : Finished Spring Data repository scanning in 9 ms. Found 0 Reactive MongoDB repository interfaces.
2021-12-21 17:36:44.309  INFO 4520 --- [    Test worker] org.mongodb.driver.cluster               : Cluster created with settings {hosts=[localhost:27017], mode=SINGLE, requiredClusterType=UNKNOWN, serverSelectionTimeout='30000 ms'}
2021-12-21 17:36:45.691  INFO 4520 --- [    Test worker] c.sicredi.voting.VotingApplicationTests  : Started VotingApplicationTests in 5.795 seconds (JVM running for 9.45)
2021-12-21 17:36:46.140  INFO 4520 --- [localhost:27017] org.mongodb.driver.connection            : Opened connection [connectionId{localValue:1, serverValue:4}] to localhost:27017
2021-12-21 17:36:46.141  INFO 4520 --- [localhost:27017] org.mongodb.driver.cluster               : Monitor thread successfully connected to server with description ServerDescription{address=localhost:27017, type=STANDALONE, state=CONNECTED, ok=true, minWireVersion=0, maxWireVersion=9, maxDocumentSize=16777216, logicalSessionTimeoutMinutes=30, roundTripTimeNanos=185384000}
2021-12-21 17:36:46.140  INFO 4520 --- [localhost:27017] org.mongodb.driver.connection            : Opened connection [connectionId{localValue:2, serverValue:5}] to localhost:27017
]]></system-out>
  <system-err><![CDATA[]]></system-err>
</testsuite>
